GenOpt(R) Optimization Version 3.1.1, March 29, 2016

Lawrence Berkeley National Laboratory
http://simulationresearch.lbl.gov
Michael Wetter, MWetter@lbl.gov

GenOpt Copyright (c) 1998-2016, The Regents of the
University of California, through Lawrence Berkeley
National Laboratory (subject to receipt of any 
required approvals from the U.S. Dept. of Energy).
All rights reserved.

The development of GenOpt is supported by
the U.S. Department of Energy (DOE),
the Swiss Academy of Engineering Sciences (SATW),
the Swiss National Energy Fund (NEFF), and
the Swiss National Science Foundation (SNSF).
_______________________________________________________________

Configuration file : /home/mitch/repos/genopt-xlim/optxlim.ini
Command file       : /home/mitch/repos/genopt-xlim/command.txt

Optimization started  at : Fri Jan 13 17:19:31 CST 2023
Optimization finished at : Fri Jan 13 17:19:39 CST 2023
Execution time           :            00:00:08
_______________________________________________________________

Optimization terminated with error.

Error message:
**************
genopt.lang.OptimizerException: 
Nullspace in line search. Linesearch terminated.

GenOpt terminated with error.
